2025-05-25 01:25:08,827 INFO o.a.j.u.JMeterUtils: Setting Locale to en_EN
2025-05-25 01:25:08,837 INFO o.a.j.JMeter: Loading user properties from: /Users/huseyinakcan/Downloads/apache-jmeter-5.6.3/bin/user.properties
2025-05-25 01:25:08,837 INFO o.a.j.JMeter: Loading system properties from: /Users/huseyinakcan/Downloads/apache-jmeter-5.6.3/bin/system.properties
2025-05-25 01:25:08,839 INFO o.a.j.JMeter: Copyright (c) 1998-2024 The Apache Software Foundation
2025-05-25 01:25:08,839 INFO o.a.j.JMeter: Version 5.6.3
2025-05-25 01:25:08,839 INFO o.a.j.JMeter: java.version=22.0.1
2025-05-25 01:25:08,839 INFO o.a.j.JMeter: java.vm.name=Java HotSpot(TM) 64-Bit Server VM
2025-05-25 01:25:08,840 INFO o.a.j.JMeter: os.name=Mac OS X
2025-05-25 01:25:08,840 INFO o.a.j.JMeter: os.arch=aarch64
2025-05-25 01:25:08,840 INFO o.a.j.JMeter: os.version=15.2
2025-05-25 01:25:08,840 INFO o.a.j.JMeter: file.encoding=UTF-8
2025-05-25 01:25:08,840 INFO o.a.j.JMeter: java.awt.headless=true
2025-05-25 01:25:08,840 INFO o.a.j.JMeter: Max memory     =1073741824
2025-05-25 01:25:08,840 INFO o.a.j.JMeter: Available Processors =8
2025-05-25 01:25:08,847 INFO o.a.j.JMeter: Default Locale=English (EN)
2025-05-25 01:25:08,847 INFO o.a.j.JMeter: JMeter  Locale=English (EN)
2025-05-25 01:25:08,847 INFO o.a.j.JMeter: JMeterHome=/Users/huseyinakcan/Downloads/apache-jmeter-5.6.3
2025-05-25 01:25:08,847 INFO o.a.j.JMeter: user.dir  =/Users/huseyinakcan/Desktop/jenkinsPipeline_Dir_JMXs
2025-05-25 01:25:08,847 INFO o.a.j.JMeter: PWD       =/Users/huseyinakcan/Desktop/jenkinsPipeline_Dir_JMXs
2025-05-25 01:25:08,848 INFO o.a.j.JMeter: IP: 127.0.0.1 Name: machine.local FullName: localhost
2025-05-25 01:25:08,855 INFO o.a.j.JMeter: Setting property 'jmeter.reportgenerator.outputdir' to:'/Users/huseyinakcan/Desktop/jenkinsPipeline_Dir_JMXs/html-report'
2025-05-25 01:25:08,856 INFO o.a.j.s.FileServer: Default base='/Users/huseyinakcan/Desktop/jenkinsPipeline_Dir_JMXs'
2025-05-25 01:25:08,857 INFO o.a.j.s.FileServer: Set new base='/Users/huseyinakcan/Desktop/jenkinsPipeline_Dir_JMXs'
2025-05-25 01:25:08,935 INFO o.a.j.s.SaveService: Testplan (JMX) version: 2.2. Testlog (JTL) version: 2.2
2025-05-25 01:25:08,956 INFO o.a.j.s.SaveService: Using SaveService properties version 5.0
2025-05-25 01:25:08,957 INFO o.a.j.s.SaveService: Using SaveService properties file encoding UTF-8
2025-05-25 01:25:08,959 INFO o.a.j.s.SaveService: Loading file: jenkinsIntegrationTest.jmx
2025-05-25 01:25:08,981 INFO o.a.j.p.h.c.CookieManager: Settings: Delete null: true Check: true Allow variable: true Save: false Prefix: COOKIE_
2025-05-25 01:25:08,996 INFO o.a.j.p.h.s.HTTPSamplerBase: Parser for text/html is org.apache.jmeter.protocol.http.parser.LagartoBasedHtmlParser
2025-05-25 01:25:08,996 INFO o.a.j.p.h.s.HTTPSamplerBase: Parser for application/xhtml+xml is org.apache.jmeter.protocol.http.parser.LagartoBasedHtmlParser
2025-05-25 01:25:08,996 INFO o.a.j.p.h.s.HTTPSamplerBase: Parser for application/xml is org.apache.jmeter.protocol.http.parser.LagartoBasedHtmlParser
2025-05-25 01:25:08,996 INFO o.a.j.p.h.s.HTTPSamplerBase: Parser for text/xml is org.apache.jmeter.protocol.http.parser.LagartoBasedHtmlParser
2025-05-25 01:25:08,996 INFO o.a.j.p.h.s.HTTPSamplerBase: Parser for text/vnd.wap.wml is org.apache.jmeter.protocol.http.parser.RegexpHTMLParser
2025-05-25 01:25:08,996 INFO o.a.j.p.h.s.HTTPSamplerBase: Parser for text/css is org.apache.jmeter.protocol.http.parser.CssParser
2025-05-25 01:25:09,105 INFO o.a.j.e.KeyToolUtils: keytool found at 'keytool'
2025-05-25 01:25:09,105 INFO o.a.j.p.h.p.ProxyControl: HTTP(S) Test Script Recorder SSL Proxy will use keys that support embedded 3rd party resources in file /Users/huseyinakcan/Downloads/apache-jmeter-5.6.3/bin/proxyserver.jks
2025-05-25 01:25:09,111 INFO o.a.j.JMeter: Creating summariser <summary>
2025-05-25 01:25:09,113 INFO o.a.j.r.d.ReportGenerator: ReportGenerator will use for Parsing the separator: ','
2025-05-25 01:25:09,113 INFO o.a.j.r.d.ReportGenerator: Will generate report at end of test from  results file: result.jtl
2025-05-25 01:25:09,113 INFO o.a.j.r.d.ReportGenerator: Reading report generator properties from: /Users/huseyinakcan/Downloads/apache-jmeter-5.6.3/bin/reportgenerator.properties
2025-05-25 01:25:09,113 INFO o.a.j.r.d.ReportGenerator: Merging with JMeter properties
2025-05-25 01:25:09,115 INFO o.a.j.r.c.ReportGeneratorConfiguration: Property 'jmeter.reportgenerator.temp_dir' not found, using default value 'temp' instead.
2025-05-25 01:25:09,116 INFO o.a.j.r.c.ReportGeneratorConfiguration: Property 'jmeter.reportgenerator.apdex_per_transaction' not found, using default value 'null' instead.
2025-05-25 01:25:09,116 INFO o.a.j.r.c.ReportGeneratorConfiguration: apdex_per_transaction is empty, not APDEX per transaction customization
2025-05-25 01:25:09,116 INFO o.a.j.r.c.ReportGeneratorConfiguration: Property 'jmeter.reportgenerator.sample_filter' not found, using default value 'null' instead.
2025-05-25 01:25:09,116 INFO o.a.j.r.c.ReportGeneratorConfiguration: Property 'jmeter.reportgenerator.report_title' not found, using default value 'null' instead.
2025-05-25 01:25:09,116 INFO o.a.j.r.c.ReportGeneratorConfiguration: Property 'jmeter.reportgenerator.start_date' not found, using default value 'null' instead.
2025-05-25 01:25:09,116 INFO o.a.j.r.c.ReportGeneratorConfiguration: Property 'jmeter.reportgenerator.end_date' not found, using default value 'null' instead.
2025-05-25 01:25:09,116 INFO o.a.j.r.c.ReportGeneratorConfiguration: Property 'jmeter.reportgenerator.date_format' not found, using default value 'null' instead.
2025-05-25 01:25:09,116 INFO o.a.j.r.c.ReportGeneratorConfiguration: Will use date range start date: null, end date: null
2025-05-25 01:25:09,118 INFO o.a.j.r.c.ReportGeneratorConfiguration: Property 'jmeter.reportgenerator.graph.totalTPS.exclude_controllers' not found, using default value 'false' instead.
2025-05-25 01:25:09,118 INFO o.a.j.r.c.ReportGeneratorConfiguration: Property 'jmeter.reportgenerator.graph.activeThreadsOverTime.exclude_controllers' not found, using default value 'false' instead.
2025-05-25 01:25:09,119 INFO o.a.j.r.c.ReportGeneratorConfiguration: Property 'jmeter.reportgenerator.graph.timeVsThreads.exclude_controllers' not found, using default value 'false' instead.
2025-05-25 01:25:09,119 INFO o.a.j.r.c.ReportGeneratorConfiguration: Property 'jmeter.reportgenerator.graph.responseTimeDistribution.exclude_controllers' not found, using default value 'false' instead.
2025-05-25 01:25:09,119 INFO o.a.j.r.c.ReportGeneratorConfiguration: Property 'jmeter.reportgenerator.graph.transactionsPerSecond.exclude_controllers' not found, using default value 'false' instead.
2025-05-25 01:25:09,119 INFO o.a.j.r.c.ReportGeneratorConfiguration: Property 'jmeter.reportgenerator.graph.responseTimePercentiles.exclude_controllers' not found, using default value 'false' instead.
2025-05-25 01:25:09,119 INFO o.a.j.r.c.ReportGeneratorConfiguration: Property 'jmeter.reportgenerator.graph.responseTimePercentilesOverTime.exclude_controllers' not found, using default value 'false' instead.
2025-05-25 01:25:09,119 INFO o.a.j.r.c.ReportGeneratorConfiguration: Property 'jmeter.reportgenerator.graph.responseTimesOverTime.exclude_controllers' not found, using default value 'false' instead.
2025-05-25 01:25:09,119 INFO o.a.j.r.c.ReportGeneratorConfiguration: Property 'jmeter.reportgenerator.graph.connectTimeOverTime.exclude_controllers' not found, using default value 'false' instead.
2025-05-25 01:25:09,119 INFO o.a.j.r.c.ReportGeneratorConfiguration: Property 'jmeter.reportgenerator.graph.latenciesOverTime.exclude_controllers' not found, using default value 'false' instead.
2025-05-25 01:25:09,119 INFO o.a.j.r.c.ReportGeneratorConfiguration: Property 'jmeter.reportgenerator.exporter.json.filters_only_sample_series' not found, using default value 'true' instead.
2025-05-25 01:25:09,119 INFO o.a.j.r.c.ReportGeneratorConfiguration: Property 'jmeter.reportgenerator.exporter.json.series_filter' not found, using default value '' instead.
2025-05-25 01:25:09,119 INFO o.a.j.r.c.ReportGeneratorConfiguration: Property 'jmeter.reportgenerator.exporter.json.show_controllers_only' not found, using default value 'false' instead.
2025-05-25 01:25:09,119 INFO o.a.j.r.c.ReportGeneratorConfiguration: Property 'jmeter.reportgenerator.exporter.html.filters_only_sample_series' not found, using default value 'true' instead.
2025-05-25 01:25:09,120 INFO o.a.j.r.c.ReportGeneratorConfiguration: Property 'jmeter.reportgenerator.exporter.html.series_filter' not found, using default value '' instead.
2025-05-25 01:25:09,120 INFO o.a.j.r.c.ReportGeneratorConfiguration: Property 'jmeter.reportgenerator.exporter.html.show_controllers_only' not found, using default value 'false' instead.
2025-05-25 01:25:09,124 INFO o.a.j.e.StandardJMeterEngine: Running the test!
2025-05-25 01:25:09,124 INFO o.a.j.s.SampleEvent: List of sample_variables: []
2025-05-25 01:25:09,124 INFO o.a.j.s.SampleEvent: List of sample_variables: []
2025-05-25 01:25:09,125 INFO o.a.j.e.u.CompoundVariable: Note: Function class names must contain the string: '.functions.'
2025-05-25 01:25:09,125 INFO o.a.j.e.u.CompoundVariable: Note: Function class names must not contain the string: '.gui.'
2025-05-25 01:25:09,170 INFO o.a.j.JMeter: Running test (1748125509170)
2025-05-25 01:25:09,183 INFO o.a.j.e.StandardJMeterEngine: Starting ThreadGroup: 1 : Thread Group
2025-05-25 01:25:09,183 INFO o.a.j.e.StandardJMeterEngine: Starting 5 threads for group Thread Group.
2025-05-25 01:25:09,184 INFO o.a.j.e.StandardJMeterEngine: Thread will continue on error
2025-05-25 01:25:09,184 INFO o.a.j.t.ThreadGroup: Starting thread group... number=1 threads=5 ramp-up=2 delayedStart=false
2025-05-25 01:25:09,186 INFO o.a.j.t.JMeterThread: Thread started: Thread Group 1-1
2025-05-25 01:25:09,187 INFO o.a.j.t.ThreadGroup: Started thread group number 1
2025-05-25 01:25:09,187 INFO o.a.j.e.StandardJMeterEngine: All thread groups have been started
2025-05-25 01:25:09,193 INFO o.a.j.p.h.s.HTTPHCAbstractImpl: Local host = machine.local
2025-05-25 01:25:09,195 INFO o.a.j.p.h.s.HTTPHC4Impl: HTTP request retry count = 0
2025-05-25 01:25:09,196 INFO o.a.j.s.SampleResult: Note: Sample TimeStamps are START times
2025-05-25 01:25:09,196 INFO o.a.j.s.SampleResult: sampleresult.default.encoding is set to UTF-8
2025-05-25 01:25:09,196 INFO o.a.j.s.SampleResult: sampleresult.useNanoTime=true
2025-05-25 01:25:09,196 INFO o.a.j.s.SampleResult: sampleresult.nanoThreadSleep=5000
2025-05-25 01:25:09,219 INFO o.a.j.p.h.s.h.LazyLayeredConnectionSocketFactory: Setting up HTTPS TrustAll Socket Factory
2025-05-25 01:25:09,221 INFO o.a.j.u.JsseSSLManager: Using default SSL protocol: TLS
2025-05-25 01:25:09,221 INFO o.a.j.u.JsseSSLManager: SSL session context: per-thread
2025-05-25 01:25:09,589 INFO o.a.j.t.JMeterThread: Thread started: Thread Group 1-2
2025-05-25 01:25:09,605 INFO o.a.j.u.SSLManager: JmeterKeyStore Location:  type JKS
2025-05-25 01:25:09,607 INFO o.a.j.u.SSLManager: KeyStore created OK
2025-05-25 01:25:09,607 WARN o.a.j.u.SSLManager: Keystore file not found, loading empty keystore
2025-05-25 01:25:09,989 INFO o.a.j.t.JMeterThread: Thread started: Thread Group 1-3
2025-05-25 01:25:10,390 INFO o.a.j.t.JMeterThread: Thread started: Thread Group 1-4
2025-05-25 01:25:10,412 WARN o.a.j.p.h.s.HTTPSamplerBase: Existing CookieManager HTTP Cookie Manager superseded by HTTP Cookie Manager
2025-05-25 01:25:10,483 WARN o.a.j.p.h.s.HTTPSamplerBase: Existing CookieManager HTTP Cookie Manager superseded by HTTP Cookie Manager
2025-05-25 01:25:10,677 WARN o.a.j.p.h.s.HTTPSamplerBase: Existing CookieManager HTTP Cookie Manager superseded by HTTP Cookie Manager
2025-05-25 01:25:10,734 WARN o.a.j.p.h.s.HTTPSamplerBase: Existing CookieManager HTTP Cookie Manager superseded by HTTP Cookie Manager
2025-05-25 01:25:10,789 INFO o.a.j.t.JMeterThread: Thread started: Thread Group 1-5
2025-05-25 01:25:10,883 WARN o.a.j.p.h.s.HTTPSamplerBase: Existing CookieManager HTTP Cookie Manager superseded by HTTP Cookie Manager
2025-05-25 01:25:10,943 WARN o.a.j.p.h.s.HTTPSamplerBase: Existing CookieManager HTTP Cookie Manager superseded by HTTP Cookie Manager
2025-05-25 01:25:10,987 WARN o.a.j.p.h.s.HTTPSamplerBase: Existing CookieManager HTTP Cookie Manager superseded by HTTP Cookie Manager
2025-05-25 01:25:11,147 WARN o.a.j.p.h.s.HTTPSamplerBase: Existing CookieManager HTTP Cookie Manager superseded by HTTP Cookie Manager
2025-05-25 01:25:11,214 WARN o.a.j.p.h.s.HTTPSamplerBase: Existing CookieManager HTTP Cookie Manager superseded by HTTP Cookie Manager
2025-05-25 01:25:11,260 WARN o.a.j.p.h.s.HTTPSamplerBase: Existing CookieManager HTTP Cookie Manager superseded by HTTP Cookie Manager
2025-05-25 01:25:11,301 WARN o.a.j.p.h.s.HTTPSamplerBase: Existing CookieManager HTTP Cookie Manager superseded by HTTP Cookie Manager
2025-05-25 01:25:11,406 WARN o.a.j.p.h.s.HTTPSamplerBase: Existing CookieManager HTTP Cookie Manager superseded by HTTP Cookie Manager
2025-05-25 01:25:11,482 WARN o.a.j.p.h.s.HTTPSamplerBase: Existing CookieManager HTTP Cookie Manager superseded by HTTP Cookie Manager
2025-05-25 01:25:11,522 WARN o.a.j.p.h.s.HTTPSamplerBase: Existing CookieManager HTTP Cookie Manager superseded by HTTP Cookie Manager
2025-05-25 01:25:11,561 WARN o.a.j.p.h.s.HTTPSamplerBase: Existing CookieManager HTTP Cookie Manager superseded by HTTP Cookie Manager
2025-05-25 01:25:11,677 WARN o.a.j.p.h.s.HTTPSamplerBase: Existing CookieManager HTTP Cookie Manager superseded by HTTP Cookie Manager
2025-05-25 01:25:11,726 WARN o.a.j.p.h.s.HTTPSamplerBase: Existing CookieManager HTTP Cookie Manager superseded by HTTP Cookie Manager
2025-05-25 01:25:11,785 WARN o.a.j.p.h.s.HTTPSamplerBase: Existing CookieManager HTTP Cookie Manager superseded by HTTP Cookie Manager
2025-05-25 01:25:11,819 WARN o.a.j.p.h.s.HTTPSamplerBase: Existing CookieManager HTTP Cookie Manager superseded by HTTP Cookie Manager
2025-05-25 01:25:11,853 WARN o.a.j.p.h.s.HTTPSamplerBase: Existing CookieManager HTTP Cookie Manager superseded by HTTP Cookie Manager
2025-05-25 01:25:11,958 WARN o.a.j.p.h.s.HTTPSamplerBase: Existing CookieManager HTTP Cookie Manager superseded by HTTP Cookie Manager
2025-05-25 01:25:11,994 WARN o.a.j.p.h.s.HTTPSamplerBase: Existing CookieManager HTTP Cookie Manager superseded by HTTP Cookie Manager
2025-05-25 01:25:12,057 WARN o.a.j.p.h.s.HTTPSamplerBase: Existing CookieManager HTTP Cookie Manager superseded by HTTP Cookie Manager
2025-05-25 01:25:12,100 WARN o.a.j.p.h.s.HTTPSamplerBase: Existing CookieManager HTTP Cookie Manager superseded by HTTP Cookie Manager
2025-05-25 01:25:12,130 WARN o.a.j.p.h.s.HTTPSamplerBase: Existing CookieManager HTTP Cookie Manager superseded by HTTP Cookie Manager
2025-05-25 01:25:12,231 WARN o.a.j.p.h.s.HTTPSamplerBase: Existing CookieManager HTTP Cookie Manager superseded by HTTP Cookie Manager
2025-05-25 01:25:12,271 WARN o.a.j.p.h.s.HTTPSamplerBase: Existing CookieManager HTTP Cookie Manager superseded by HTTP Cookie Manager
2025-05-25 01:25:12,329 WARN o.a.j.p.h.s.HTTPSamplerBase: Existing CookieManager HTTP Cookie Manager superseded by HTTP Cookie Manager
2025-05-25 01:25:12,386 WARN o.a.j.p.h.s.HTTPSamplerBase: Existing CookieManager HTTP Cookie Manager superseded by HTTP Cookie Manager
2025-05-25 01:25:12,416 WARN o.a.j.p.h.s.HTTPSamplerBase: Existing CookieManager HTTP Cookie Manager superseded by HTTP Cookie Manager
2025-05-25 01:25:12,502 WARN o.a.j.p.h.s.HTTPSamplerBase: Existing CookieManager HTTP Cookie Manager superseded by HTTP Cookie Manager
2025-05-25 01:25:12,536 WARN o.a.j.p.h.s.HTTPSamplerBase: Existing CookieManager HTTP Cookie Manager superseded by HTTP Cookie Manager
2025-05-25 01:25:12,589 WARN o.a.j.p.h.s.HTTPSamplerBase: Existing CookieManager HTTP Cookie Manager superseded by HTTP Cookie Manager
2025-05-25 01:25:12,648 WARN o.a.j.p.h.s.HTTPSamplerBase: Existing CookieManager HTTP Cookie Manager superseded by HTTP Cookie Manager
2025-05-25 01:25:12,682 WARN o.a.j.p.h.s.HTTPSamplerBase: Existing CookieManager HTTP Cookie Manager superseded by HTTP Cookie Manager
2025-05-25 01:25:12,771 WARN o.a.j.p.h.s.HTTPSamplerBase: Existing CookieManager HTTP Cookie Manager superseded by HTTP Cookie Manager
2025-05-25 01:25:12,817 WARN o.a.j.p.h.s.HTTPSamplerBase: Existing CookieManager HTTP Cookie Manager superseded by HTTP Cookie Manager
2025-05-25 01:25:12,861 WARN o.a.j.p.h.s.HTTPSamplerBase: Existing CookieManager HTTP Cookie Manager superseded by HTTP Cookie Manager
2025-05-25 01:25:12,910 WARN o.a.j.p.h.s.HTTPSamplerBase: Existing CookieManager HTTP Cookie Manager superseded by HTTP Cookie Manager
2025-05-25 01:25:12,949 WARN o.a.j.p.h.s.HTTPSamplerBase: Existing CookieManager HTTP Cookie Manager superseded by HTTP Cookie Manager
2025-05-25 01:25:13,038 WARN o.a.j.p.h.s.HTTPSamplerBase: Existing CookieManager HTTP Cookie Manager superseded by HTTP Cookie Manager
2025-05-25 01:25:13,084 WARN o.a.j.p.h.s.HTTPSamplerBase: Existing CookieManager HTTP Cookie Manager superseded by HTTP Cookie Manager
2025-05-25 01:25:13,134 WARN o.a.j.p.h.s.HTTPSamplerBase: Existing CookieManager HTTP Cookie Manager superseded by HTTP Cookie Manager
2025-05-25 01:25:13,173 WARN o.a.j.p.h.s.HTTPSamplerBase: Existing CookieManager HTTP Cookie Manager superseded by HTTP Cookie Manager
2025-05-25 01:25:13,211 WARN o.a.j.p.h.s.HTTPSamplerBase: Existing CookieManager HTTP Cookie Manager superseded by HTTP Cookie Manager
2025-05-25 01:25:13,309 WARN o.a.j.p.h.s.HTTPSamplerBase: Existing CookieManager HTTP Cookie Manager superseded by HTTP Cookie Manager
2025-05-25 01:25:13,367 WARN o.a.j.p.h.s.HTTPSamplerBase: Existing CookieManager HTTP Cookie Manager superseded by HTTP Cookie Manager
2025-05-25 01:25:13,417 WARN o.a.j.p.h.s.HTTPSamplerBase: Existing CookieManager HTTP Cookie Manager superseded by HTTP Cookie Manager
2025-05-25 01:25:13,470 WARN o.a.j.p.h.s.HTTPSamplerBase: Existing CookieManager HTTP Cookie Manager superseded by HTTP Cookie Manager
2025-05-25 01:25:13,499 WARN o.a.j.p.h.s.HTTPSamplerBase: Existing CookieManager HTTP Cookie Manager superseded by HTTP Cookie Manager
2025-05-25 01:25:13,569 WARN o.a.j.p.h.s.HTTPSamplerBase: Existing CookieManager HTTP Cookie Manager superseded by HTTP Cookie Manager
2025-05-25 01:25:13,625 WARN o.a.j.p.h.s.HTTPSamplerBase: Existing CookieManager HTTP Cookie Manager superseded by HTTP Cookie Manager
2025-05-25 01:25:13,679 WARN o.a.j.p.h.s.HTTPSamplerBase: Existing CookieManager HTTP Cookie Manager superseded by HTTP Cookie Manager
2025-05-25 01:25:13,731 WARN o.a.j.p.h.s.HTTPSamplerBase: Existing CookieManager HTTP Cookie Manager superseded by HTTP Cookie Manager
2025-05-25 01:25:13,763 WARN o.a.j.p.h.s.HTTPSamplerBase: Existing CookieManager HTTP Cookie Manager superseded by HTTP Cookie Manager
2025-05-25 01:25:13,832 WARN o.a.j.p.h.s.HTTPSamplerBase: Existing CookieManager HTTP Cookie Manager superseded by HTTP Cookie Manager
2025-05-25 01:25:13,886 WARN o.a.j.p.h.s.HTTPSamplerBase: Existing CookieManager HTTP Cookie Manager superseded by HTTP Cookie Manager
2025-05-25 01:25:13,953 WARN o.a.j.p.h.s.HTTPSamplerBase: Existing CookieManager HTTP Cookie Manager superseded by HTTP Cookie Manager
2025-05-25 01:25:14,004 WARN o.a.j.p.h.s.HTTPSamplerBase: Existing CookieManager HTTP Cookie Manager superseded by HTTP Cookie Manager
2025-05-25 01:25:14,048 WARN o.a.j.p.h.s.HTTPSamplerBase: Existing CookieManager HTTP Cookie Manager superseded by HTTP Cookie Manager
2025-05-25 01:25:14,093 WARN o.a.j.p.h.s.HTTPSamplerBase: Existing CookieManager HTTP Cookie Manager superseded by HTTP Cookie Manager
2025-05-25 01:25:14,144 WARN o.a.j.p.h.s.HTTPSamplerBase: Existing CookieManager HTTP Cookie Manager superseded by HTTP Cookie Manager
2025-05-25 01:25:14,219 WARN o.a.j.p.h.s.HTTPSamplerBase: Existing CookieManager HTTP Cookie Manager superseded by HTTP Cookie Manager
2025-05-25 01:25:14,255 WARN o.a.j.p.h.s.HTTPSamplerBase: Existing CookieManager HTTP Cookie Manager superseded by HTTP Cookie Manager
2025-05-25 01:25:14,316 WARN o.a.j.p.h.s.HTTPSamplerBase: Existing CookieManager HTTP Cookie Manager superseded by HTTP Cookie Manager
2025-05-25 01:25:14,364 WARN o.a.j.p.h.s.HTTPSamplerBase: Existing CookieManager HTTP Cookie Manager superseded by HTTP Cookie Manager
2025-05-25 01:25:14,409 WARN o.a.j.p.h.s.HTTPSamplerBase: Existing CookieManager HTTP Cookie Manager superseded by HTTP Cookie Manager
2025-05-25 01:25:14,489 WARN o.a.j.p.h.s.HTTPSamplerBase: Existing CookieManager HTTP Cookie Manager superseded by HTTP Cookie Manager
2025-05-25 01:25:14,534 WARN o.a.j.p.h.s.HTTPSamplerBase: Existing CookieManager HTTP Cookie Manager superseded by HTTP Cookie Manager
2025-05-25 01:25:14,592 WARN o.a.j.p.h.s.HTTPSamplerBase: Existing CookieManager HTTP Cookie Manager superseded by HTTP Cookie Manager
2025-05-25 01:25:14,644 WARN o.a.j.p.h.s.HTTPSamplerBase: Existing CookieManager HTTP Cookie Manager superseded by HTTP Cookie Manager
2025-05-25 01:25:14,677 WARN o.a.j.p.h.s.HTTPSamplerBase: Existing CookieManager HTTP Cookie Manager superseded by HTTP Cookie Manager
2025-05-25 01:25:14,754 WARN o.a.j.p.h.s.HTTPSamplerBase: Existing CookieManager HTTP Cookie Manager superseded by HTTP Cookie Manager
2025-05-25 01:25:14,788 WARN o.a.j.p.h.s.HTTPSamplerBase: Existing CookieManager HTTP Cookie Manager superseded by HTTP Cookie Manager
2025-05-25 01:25:14,850 WARN o.a.j.p.h.s.HTTPSamplerBase: Existing CookieManager HTTP Cookie Manager superseded by HTTP Cookie Manager
2025-05-25 01:25:14,914 WARN o.a.j.p.h.s.HTTPSamplerBase: Existing CookieManager HTTP Cookie Manager superseded by HTTP Cookie Manager
2025-05-25 01:25:14,958 WARN o.a.j.p.h.s.HTTPSamplerBase: Existing CookieManager HTTP Cookie Manager superseded by HTTP Cookie Manager
2025-05-25 01:25:15,030 WARN o.a.j.p.h.s.HTTPSamplerBase: Existing CookieManager HTTP Cookie Manager superseded by HTTP Cookie Manager
2025-05-25 01:25:15,059 WARN o.a.j.p.h.s.HTTPSamplerBase: Existing CookieManager HTTP Cookie Manager superseded by HTTP Cookie Manager
2025-05-25 01:25:15,113 WARN o.a.j.p.h.s.HTTPSamplerBase: Existing CookieManager HTTP Cookie Manager superseded by HTTP Cookie Manager
2025-05-25 01:25:15,181 WARN o.a.j.p.h.s.HTTPSamplerBase: Existing CookieManager HTTP Cookie Manager superseded by HTTP Cookie Manager
2025-05-25 01:25:15,224 WARN o.a.j.p.h.s.HTTPSamplerBase: Existing CookieManager HTTP Cookie Manager superseded by HTTP Cookie Manager
2025-05-25 01:25:15,309 WARN o.a.j.p.h.s.HTTPSamplerBase: Existing CookieManager HTTP Cookie Manager superseded by HTTP Cookie Manager
2025-05-25 01:25:15,344 WARN o.a.j.p.h.s.HTTPSamplerBase: Existing CookieManager HTTP Cookie Manager superseded by HTTP Cookie Manager
2025-05-25 01:25:15,391 WARN o.a.j.p.h.s.HTTPSamplerBase: Existing CookieManager HTTP Cookie Manager superseded by HTTP Cookie Manager
2025-05-25 01:25:15,448 WARN o.a.j.p.h.s.HTTPSamplerBase: Existing CookieManager HTTP Cookie Manager superseded by HTTP Cookie Manager
2025-05-25 01:25:15,490 WARN o.a.j.p.h.s.HTTPSamplerBase: Existing CookieManager HTTP Cookie Manager superseded by HTTP Cookie Manager
2025-05-25 01:25:15,585 INFO o.a.j.t.JMeterThread: Thread is done: Thread Group 1-1
2025-05-25 01:25:15,585 INFO o.a.j.t.JMeterThread: Thread finished: Thread Group 1-1
2025-05-25 01:25:15,625 INFO o.a.j.t.JMeterThread: Thread is done: Thread Group 1-2
2025-05-25 01:25:15,625 INFO o.a.j.t.JMeterThread: Thread finished: Thread Group 1-2
2025-05-25 01:25:15,672 WARN o.a.j.p.h.s.HTTPSamplerBase: Existing CookieManager HTTP Cookie Manager superseded by HTTP Cookie Manager
2025-05-25 01:25:15,730 WARN o.a.j.p.h.s.HTTPSamplerBase: Existing CookieManager HTTP Cookie Manager superseded by HTTP Cookie Manager
2025-05-25 01:25:15,763 WARN o.a.j.p.h.s.HTTPSamplerBase: Existing CookieManager HTTP Cookie Manager superseded by HTTP Cookie Manager
2025-05-25 01:25:15,930 WARN o.a.j.p.h.s.HTTPSamplerBase: Existing CookieManager HTTP Cookie Manager superseded by HTTP Cookie Manager
2025-05-25 01:25:16,001 INFO o.a.j.t.JMeterThread: Thread is done: Thread Group 1-3
2025-05-25 01:25:16,001 INFO o.a.j.t.JMeterThread: Thread finished: Thread Group 1-3
2025-05-25 01:25:16,034 WARN o.a.j.p.h.s.HTTPSamplerBase: Existing CookieManager HTTP Cookie Manager superseded by HTTP Cookie Manager
2025-05-25 01:25:16,186 WARN o.a.j.p.h.s.HTTPSamplerBase: Existing CookieManager HTTP Cookie Manager superseded by HTTP Cookie Manager
2025-05-25 01:25:16,293 WARN o.a.j.p.h.s.HTTPSamplerBase: Existing CookieManager HTTP Cookie Manager superseded by HTTP Cookie Manager
2025-05-25 01:25:16,445 INFO o.a.j.t.JMeterThread: Thread is done: Thread Group 1-4
2025-05-25 01:25:16,445 INFO o.a.j.t.JMeterThread: Thread finished: Thread Group 1-4
2025-05-25 01:25:16,551 WARN o.a.j.p.h.s.HTTPSamplerBase: Existing CookieManager HTTP Cookie Manager superseded by HTTP Cookie Manager
2025-05-25 01:25:16,816 INFO o.a.j.t.JMeterThread: Thread is done: Thread Group 1-5
2025-05-25 01:25:16,816 INFO o.a.j.t.JMeterThread: Thread finished: Thread Group 1-5
2025-05-25 01:25:16,817 INFO o.a.j.e.StandardJMeterEngine: Notifying test listeners of end of test
2025-05-25 01:25:16,820 INFO o.a.j.r.Summariser: summary =    100 in 00:00:08 =   13.1/s Avg:   303 Min:   249 Max:  1195 Err:     0 (0.00%)
2025-05-25 01:25:16,820 INFO o.a.j.JMeter: Generating Dashboard
2025-05-25 01:25:16,820 INFO o.a.j.r.d.ReportGenerator: Flushing result collector before report Generation
2025-05-25 01:25:16,835 INFO o.a.j.r.p.NormalizerSampleConsumer: Using format, 'ms', to parse timeStamp field
2025-05-25 01:25:16,879 INFO o.a.j.r.p.AbstractSampleConsumer: class org.apache.jmeter.report.processor.AggregateConsumer#stopProducing(): beginDate produced 0 samples
2025-05-25 01:25:16,879 INFO o.a.j.r.p.AbstractSampleConsumer: class org.apache.jmeter.report.processor.AggregateConsumer#stopProducing(): endDate produced 0 samples
2025-05-25 01:25:16,880 INFO o.a.j.r.p.AbstractSampleConsumer: class org.apache.jmeter.report.processor.ApdexSummaryConsumer#stopProducing(): apdexSummary produced 0 samples
2025-05-25 01:25:16,880 INFO o.a.j.r.p.AbstractSampleConsumer: class org.apache.jmeter.report.processor.RequestsSummaryConsumer#stopProducing(): requestsSummary produced 0 samples
2025-05-25 01:25:16,882 INFO o.a.j.r.p.AbstractSampleConsumer: class org.apache.jmeter.report.processor.StatisticsSummaryConsumer#stopProducing(): statisticsSummary produced 0 samples
2025-05-25 01:25:16,883 INFO o.a.j.r.p.AbstractSampleConsumer: class org.apache.jmeter.report.processor.Top5ErrorsBySamplerConsumer#stopProducing(): top5ErrorsBySampler produced 0 samples
2025-05-25 01:25:16,883 INFO o.a.j.r.p.AbstractSampleConsumer: class org.apache.jmeter.report.processor.ErrorsSummaryConsumer#stopProducing(): errorsSummary produced 0 samples
2025-05-25 01:25:16,883 INFO o.a.j.r.p.AbstractSampleConsumer: class org.apache.jmeter.report.processor.graph.impl.HitsPerSecondGraphConsumer#stopProducing(): hitsPerSecond produced 0 samples
2025-05-25 01:25:16,891 INFO o.a.j.r.p.AbstractSampleConsumer: class org.apache.jmeter.report.processor.graph.impl.LatencyVSRequestGraphConsumer#stopProducing(): latencyVsRequest produced 0 samples
2025-05-25 01:25:16,891 INFO o.a.j.r.p.AbstractSampleConsumer: class org.apache.jmeter.report.processor.graph.impl.SyntheticResponseTimeDistributionGraphConsumer#stopProducing(): syntheticResponseTimeDistribution produced 0 samples
2025-05-25 01:25:16,891 INFO o.a.j.r.p.AbstractSampleConsumer: class org.apache.jmeter.report.processor.graph.impl.BytesThroughputGraphConsumer#stopProducing(): bytesThroughputOverTime produced 0 samples
2025-05-25 01:25:16,891 INFO o.a.j.r.p.AbstractSampleConsumer: class org.apache.jmeter.report.processor.graph.impl.CodesPerSecondGraphConsumer#stopProducing(): codesPerSecond produced 0 samples
2025-05-25 01:25:16,893 INFO o.a.j.r.p.AbstractSampleConsumer: class org.apache.jmeter.report.processor.graph.impl.ResponseTimeVSRequestGraphConsumer#stopProducing(): responseTimeVsRequest produced 0 samples
2025-05-25 01:25:16,893 INFO o.a.j.r.p.AbstractSampleConsumer: class org.apache.jmeter.report.processor.FilterConsumer#stopProducing(): startIntervalControlerFilter produced 700 samples
2025-05-25 01:25:16,893 INFO o.a.j.r.p.AbstractSampleConsumer: class org.apache.jmeter.report.processor.graph.impl.TotalTPSGraphConsumer#stopProducing(): totalTPS produced 0 samples
2025-05-25 01:25:16,893 INFO o.a.j.r.p.AbstractSampleConsumer: class org.apache.jmeter.report.processor.graph.impl.ActiveThreadsGraphConsumer#stopProducing(): activeThreadsOverTime produced 0 samples
2025-05-25 01:25:16,893 INFO o.a.j.r.p.AbstractSampleConsumer: class org.apache.jmeter.report.processor.graph.impl.TimeVSThreadGraphConsumer#stopProducing(): timeVsThreads produced 0 samples
2025-05-25 01:25:16,893 INFO o.a.j.r.p.AbstractSampleConsumer: class org.apache.jmeter.report.processor.graph.impl.ResponseTimeDistributionGraphConsumer#stopProducing(): responseTimeDistribution produced 0 samples
2025-05-25 01:25:16,893 INFO o.a.j.r.p.AbstractSampleConsumer: class org.apache.jmeter.report.processor.graph.impl.TransactionsPerSecondGraphConsumer#stopProducing(): transactionsPerSecond produced 0 samples
2025-05-25 01:25:16,893 INFO o.a.j.r.p.AbstractSampleConsumer: class org.apache.jmeter.report.processor.graph.impl.ResponseTimePercentilesGraphConsumer#stopProducing(): responseTimePercentiles produced 0 samples
2025-05-25 01:25:16,894 INFO o.a.j.r.p.AbstractSampleConsumer: class org.apache.jmeter.report.processor.graph.impl.ResponseTimePercentilesOverTimeGraphConsumer#stopProducing(): responseTimePercentilesOverTime produced 0 samples
2025-05-25 01:25:16,894 INFO o.a.j.r.p.AbstractSampleConsumer: class org.apache.jmeter.report.processor.graph.impl.ResponseTimeOverTimeGraphConsumer#stopProducing(): responseTimesOverTime produced 0 samples
2025-05-25 01:25:16,894 INFO o.a.j.r.p.AbstractSampleConsumer: class org.apache.jmeter.report.processor.graph.impl.ConnectTimeOverTimeGraphConsumer#stopProducing(): connectTimeOverTime produced 0 samples
2025-05-25 01:25:16,894 INFO o.a.j.r.p.AbstractSampleConsumer: class org.apache.jmeter.report.processor.graph.impl.LatencyOverTimeGraphConsumer#stopProducing(): latenciesOverTime produced 0 samples
2025-05-25 01:25:16,894 INFO o.a.j.r.p.AbstractSampleConsumer: class org.apache.jmeter.report.processor.FilterConsumer#stopProducing(): nameFilter produced 1500 samples
2025-05-25 01:25:16,894 INFO o.a.j.r.p.AbstractSampleConsumer: class org.apache.jmeter.report.processor.FilterConsumer#stopProducing(): dateRangeFilter produced 300 samples
2025-05-25 01:25:16,894 INFO o.a.j.r.p.AbstractSampleConsumer: class org.apache.jmeter.report.processor.NormalizerSampleConsumer#stopProducing(): normalizer produced 100 samples
2025-05-25 01:25:16,894 INFO o.a.j.r.p.CsvFileSampleSource: produce(): 100 samples produced in 42ms on channel 0
2025-05-25 01:25:16,894 INFO o.a.j.r.d.ReportGenerator: Exporting data using exporter:'json' of className:'org.apache.jmeter.report.dashboard.JsonExporter'
2025-05-25 01:25:16,930 INFO o.a.j.r.d.JsonExporter: Found data for consumer statisticsSummary in context
2025-05-25 01:25:16,930 INFO o.a.j.r.d.JsonExporter: Creating statistics for overall
2025-05-25 01:25:16,930 INFO o.a.j.r.d.JsonExporter: Creating statistics for other transactions
2025-05-25 01:25:16,930 INFO o.a.j.r.d.JsonExporter: Checking output folder
2025-05-25 01:25:16,931 INFO o.a.j.r.d.JsonExporter: Writing statistics JSON to /Users/huseyinakcan/Desktop/jenkinsPipeline_Dir_JMXs/html-report/statistics.json
2025-05-25 01:25:16,949 INFO o.a.j.r.d.ReportGenerator: Exporting data using exporter:'html' of className:'org.apache.jmeter.report.dashboard.HtmlTemplateExporter'
2025-05-25 01:25:16,950 INFO o.a.j.r.d.HtmlTemplateExporter: Will generate dashboard in folder: /Users/huseyinakcan/Desktop/jenkinsPipeline_Dir_JMXs/html-report
2025-05-25 01:25:16,992 INFO o.a.j.r.d.HtmlTemplateExporter: Report will be generated in: /Users/huseyinakcan/Desktop/jenkinsPipeline_Dir_JMXs/html-report, creating folder structure
2025-05-25 01:25:16,993 INFO o.a.j.r.d.TemplateVisitor: Copying folder from '/Users/huseyinakcan/Downloads/apache-jmeter-5.6.3/bin/report-template' to '/Users/huseyinakcan/Desktop/jenkinsPipeline_Dir_JMXs/html-report', got message: /Users/huseyinakcan/Desktop/jenkinsPipeline_Dir_JMXs/html-report, found non empty folder with following content [/Users/huseyinakcan/Desktop/jenkinsPipeline_Dir_JMXs/html-report/statistics.json], will be ignored
2025-05-25 01:25:17,137 INFO o.a.j.JMeter: Dashboard generated
